TN:
SF:hooks\use-badges.ts
FN:25,useBadges
FN:126,usePublicBadges
FNF:2
FNH:1
FNDA:33,useBadges
FNDA:0,usePublicBadges
DA:1,1
DA:25,1
DA:26,33
DA:27,33
DA:28,33
DA:30,33
DA:31,18
DA:32,18
DA:34,18
DA:35,18
DA:37,18
DA:38,3
DA:39,1
DA:40,3
DA:41,2
DA:42,2
DA:43,3
DA:44,3
DA:46,14
DA:47,18
DA:48,18
DA:49,1
DA:50,1
DA:51,18
DA:52,18
DA:53,18
DA:54,33
DA:56,33
DA:57,14
DA:58,33
DA:60,33
DA:61,2
DA:62,2
DA:63,2
DA:64,2
DA:66,2
DA:67,1
DA:68,1
DA:69,1
DA:71,1
DA:74,1
DA:75,1
DA:76,1
DA:77,0
DA:78,1
DA:80,1
DA:81,1
DA:82,1
DA:83,1
DA:84,1
DA:85,33
DA:87,33
DA:88,4
DA:89,4
DA:90,4
DA:91,4
DA:92,4
DA:93,4
DA:95,4
DA:96,1
DA:97,1
DA:99,3
DA:102,4
DA:103,2
DA:104,2
DA:106,4
DA:107,4
DA:108,1
DA:109,1
DA:110,1
DA:111,33
DA:113,33
DA:114,33
DA:115,33
DA:116,33
DA:117,33
DA:118,33
DA:119,33
DA:120,33
DA:121,33
DA:126,0
DA:127,0
DA:128,0
DA:129,0
DA:131,0
DA:132,0
DA:133,0
DA:134,0
DA:135,0
DA:137,0
DA:139,0
DA:140,0
DA:141,0
DA:143,0
DA:144,0
DA:146,0
DA:147,0
DA:148,0
DA:150,0
DA:152,0
DA:153,0
DA:154,0
DA:155,0
DA:156,0
DA:157,0
DA:158,0
DA:159,0
DA:160,0
DA:161,0
DA:162,0
DA:163,0
DA:164,0
DA:165,0
DA:167,0
DA:169,0
DA:170,0
DA:171,0
DA:172,0
DA:174,0
DA:175,0
LF:120
LH:79
BRDA:25,0,0,33
BRDA:30,1,0,18
BRDA:35,2,0,17
BRDA:37,3,0,3
BRDA:38,4,0,1
BRDA:40,5,0,2
BRDA:44,6,0,14
BRDA:47,7,0,1
BRDA:48,8,0,1
BRDA:51,9,0,15
BRDA:56,10,0,14
BRDA:60,11,0,2
BRDA:66,12,0,1
BRDA:68,13,0,0
BRDA:74,14,0,1
BRDA:74,15,0,1
BRDA:76,16,0,0
BRDA:87,17,0,4
BRDA:95,18,0,1
BRDA:97,19,0,3
BRDA:102,20,0,2
BRDA:104,21,0,3
BRDA:106,22,0,0
BRDA:107,23,0,1
BRF:24
BRH:21
end_of_record
TN:
SF:hooks\use-mobile.ts
FN:12,useIsMobile
FN:20,subscribe
FN:30,getSnapshot
FN:34,getServerSnapshot
FNF:4
FNH:3
FNDA:18,useIsMobile
FNDA:11,subscribe
FNDA:63,getSnapshot
FNDA:0,getServerSnapshot
DA:1,1
DA:3,1
DA:12,1
DA:13,18
DA:14,18
DA:15,18
DA:16,18
DA:17,18
DA:18,18
DA:20,11
DA:21,11
DA:22,11
DA:23,11
DA:24,11
DA:25,1
DA:26,1
DA:27,1
DA:28,11
DA:30,63
DA:31,63
DA:32,63
DA:34,0
DA:37,0
DA:38,0
LF:24
LH:21
BRDA:12,0,0,18
BRDA:20,1,0,11
BRDA:24,2,0,1
BRDA:30,3,0,63
BRF:4
BRH:4
end_of_record
TN:
SF:hooks\use-product-search.ts
FN:60,useDebounce
FN:78,useProductSearch
FNF:2
FNH:2
FNDA:79,useDebounce
FNDA:79,useProductSearch
DA:1,1
DA:25,1
DA:28,1
DA:31,1
DA:34,1
DA:37,1
DA:40,1
DA:60,79
DA:61,79
DA:63,79
DA:64,34
DA:65,4
DA:66,34
DA:68,34
DA:69,79
DA:71,79
DA:72,79
DA:78,1
DA:79,79
DA:81,79
DA:82,79
DA:83,79
DA:84,79
DA:85,79
DA:87,79
DA:90,79
DA:91,79
DA:92,79
DA:93,79
DA:94,79
DA:95,79
DA:96,79
DA:99,79
DA:100,79
DA:101,3
DA:102,3
DA:103,3
DA:104,3
DA:105,3
DA:106,79
DA:107,79
DA:110,79
DA:111,26
DA:113,26
DA:114,26
DA:115,26
DA:116,6
DA:117,6
DA:118,4
DA:119,6
DA:120,2
DA:121,2
DA:122,6
DA:123,26
DA:125,0
DA:128,26
DA:129,26
DA:130,26
DA:131,5
DA:132,5
DA:133,4
DA:134,5
DA:135,1
DA:136,1
DA:137,5
DA:138,26
DA:140,0
DA:141,79
DA:144,79
DA:145,30
DA:146,27
DA:147,27
DA:148,27
DA:150,3
DA:152,3
DA:153,3
DA:154,3
DA:155,3
DA:156,3
DA:157,3
DA:158,3
DA:159,2
DA:160,2
DA:161,3
DA:162,0
DA:163,0
DA:164,3
DA:165,3
DA:166,3
DA:167,2
DA:168,3
DA:169,3
DA:170,3
DA:171,0
DA:172,0
DA:173,0
DA:174,3
DA:175,3
DA:176,3
DA:177,3
DA:179,3
DA:180,79
DA:183,79
DA:184,79
DA:185,5
DA:186,5
DA:188,3
DA:189,3
DA:190,3
DA:191,3
DA:192,3
DA:193,3
DA:195,3
DA:197,3
DA:198,3
DA:199,3
DA:200,3
DA:202,0
DA:203,3
DA:204,5
DA:205,79
DA:206,79
DA:209,79
DA:210,79
DA:211,3
DA:212,3
DA:213,3
DA:214,3
DA:215,3
DA:216,3
DA:217,3
DA:218,3
DA:219,3
DA:221,3
DA:222,3
DA:223,3
DA:224,3
DA:226,3
DA:228,3
DA:229,3
DA:230,3
DA:231,3
DA:233,0
DA:234,3
DA:235,3
DA:236,79
DA:237,79
DA:240,79
DA:241,1
DA:242,1
DA:243,1
DA:244,1
DA:245,1
DA:247,0
DA:248,1
DA:249,79
DA:252,79
DA:253,1
DA:254,1
DA:255,1
DA:256,1
DA:257,1
DA:259,0
DA:260,1
DA:261,79
DA:264,79
DA:265,1
DA:266,1
DA:267,79
DA:269,79
DA:271,79
DA:272,79
DA:273,79
DA:274,79
DA:275,79
DA:276,79
DA:277,79
DA:280,79
DA:283,79
DA:284,79
DA:285,79
DA:286,79
DA:287,79
DA:290,79
DA:291,79
DA:292,79
LF:186
LH:175
BRDA:60,0,0,79
BRDA:63,1,0,34
BRDA:64,2,0,4
BRDA:68,3,0,8
BRDA:78,4,0,79
BRDA:91,5,0,0
BRDA:93,6,0,0
BRDA:100,7,0,3
BRDA:101,8,0,0
BRDA:103,9,0,0
BRDA:110,10,0,26
BRDA:111,11,0,0
BRDA:115,12,0,6
BRDA:117,13,0,4
BRDA:119,14,0,2
BRDA:123,15,0,0
BRDA:130,16,0,5
BRDA:132,17,0,4
BRDA:134,18,0,1
BRDA:138,19,0,0
BRDA:144,20,0,30
BRDA:145,21,0,4
BRDA:145,22,0,27
BRDA:148,23,0,3
BRDA:157,24,0,3
BRDA:158,25,0,1
BRDA:158,26,0,2
BRDA:161,27,0,0
BRDA:165,28,0,3
BRDA:166,29,0,2
BRDA:166,30,0,2
BRDA:167,31,0,1
BRDA:175,32,0,3
BRDA:184,33,0,5
BRDA:186,34,0,2
BRDA:186,35,0,3
BRDA:200,36,0,0
BRDA:191,37,0,8
BRDA:210,38,0,3
BRDA:215,39,0,0
BRDA:217,40,0,0
BRDA:231,41,0,0
BRDA:223,42,0,8
BRDA:240,43,0,1
BRDA:245,44,0,0
BRDA:252,45,0,1
BRDA:257,46,0,0
BRDA:264,47,0,1
BRF:48
BRH:34
end_of_record
TN:
SF:hooks\use-recently-viewed.ts
FN:22,useRecentlyViewed
FNF:1
FNH:1
FNDA:41,useRecentlyViewed
DA:1,1
DA:19,1
DA:20,1
DA:22,1
DA:23,41
DA:24,41
DA:27,41
DA:28,16
DA:29,16
DA:30,16
DA:31,16
DA:32,10
DA:33,10
DA:34,2
DA:35,2
DA:36,2
DA:37,2
DA:39,8
DA:40,8
DA:41,8
DA:42,8
DA:43,16
DA:45,0
DA:46,14
DA:47,14
DA:48,41
DA:51,41
DA:52,41
DA:53,25
DA:54,25
DA:55,41
DA:57,41
DA:58,41
DA:59,6
DA:61,6
DA:63,6
DA:64,6
DA:65,6
DA:66,6
DA:67,6
DA:68,6
DA:69,41
DA:70,41
DA:72,41
DA:73,1
DA:74,1
DA:75,1
DA:76,1
DA:77,41
DA:79,41
DA:80,2
DA:81,41
DA:83,41
DA:84,41
DA:85,41
DA:86,41
DA:87,41
DA:88,41
DA:89,41
DA:90,41
LF:60
LH:59
BRDA:22,0,0,41
BRDA:27,1,0,16
BRDA:31,2,0,10
BRDA:33,3,0,2
BRDA:37,4,0,8
BRDA:43,5,0,0
BRDA:45,6,0,14
BRDA:40,7,0,22
BRDA:51,8,0,41
BRDA:52,9,0,25
BRDA:52,10,0,25
BRDA:58,11,0,6
BRDA:59,12,0,6
BRDA:61,13,0,12
BRDA:72,14,0,1
BRDA:79,15,0,2
BRDA:80,16,0,2
BRDA:80,17,0,3
BRF:18
BRH:17
end_of_record
TN:
SF:hooks\use-toast.ts
FN:27,genId
FN:58,addToRemoveQueue
FN:74,reducer
FN:133,dispatch
FN:142,toast
FN:145,update
FN:150,dismiss
FN:158,onOpenChange
FN:171,useToast
FN:187,dismiss
FNF:10
FNH:9
FNDA:11,genId
FNDA:6,addToRemoveQueue
FNDA:25,reducer
FNDA:15,dispatch
FNDA:11,toast
FNDA:1,update
FNDA:1,dismiss
FNDA:0,onOpenChange
FNDA:86,useToast
FNDA:2,dismiss
DA:1,1
DA:8,1
DA:9,1
DA:18,1
DA:19,1
DA:20,1
DA:21,1
DA:22,1
DA:23,1
DA:25,1
DA:27,11
DA:28,11
DA:29,11
DA:30,11
DA:56,1
DA:58,1
DA:59,6
DA:60,2
DA:61,2
DA:63,4
DA:64,0
DA:65,0
DA:66,0
DA:67,0
DA:68,0
DA:69,4
DA:71,4
DA:72,4
DA:74,1
DA:75,25
DA:76,25
DA:77,15
DA:78,15
DA:79,15
DA:80,15
DA:82,25
DA:83,3
DA:84,3
DA:85,3
DA:86,3
DA:87,3
DA:88,3
DA:90,25
DA:91,5
DA:95,5
DA:96,3
DA:97,5
DA:98,2
DA:99,3
DA:100,2
DA:101,2
DA:103,5
DA:104,5
DA:105,5
DA:106,6
DA:107,6
DA:108,6
DA:109,6
DA:110,6
DA:111,0
DA:112,5
DA:113,5
DA:114,5
DA:115,25
DA:116,2
DA:117,1
DA:118,1
DA:119,1
DA:120,1
DA:121,1
DA:122,1
DA:123,1
DA:124,1
DA:125,1
DA:126,25
DA:127,25
DA:129,1
DA:131,1
DA:133,15
DA:134,15
DA:135,15
DA:136,88
DA:137,15
DA:138,15
DA:142,11
DA:143,11
DA:145,11
DA:146,1
DA:147,1
DA:148,1
DA:149,1
DA:150,11
DA:152,11
DA:153,11
DA:154,11
DA:155,11
DA:156,11
DA:157,11
DA:158,11
DA:159,0
DA:160,0
DA:161,11
DA:162,11
DA:164,11
DA:165,11
DA:166,11
DA:167,11
DA:168,11
DA:169,11
DA:171,86
DA:172,86
DA:174,86
DA:175,86
DA:176,86
DA:177,76
DA:178,76
DA:179,76
DA:180,76
DA:181,76
DA:182,86
DA:184,86
DA:185,86
DA:186,86
DA:187,86
DA:188,2
DA:189,86
DA:190,86
LF:127
LH:119
BRDA:27,0,0,11
BRDA:58,1,0,6
BRDA:59,2,0,2
BRDA:61,3,0,4
BRDA:74,4,0,25
BRDA:76,5,0,15
BRDA:82,6,0,3
BRDA:90,7,0,5
BRDA:95,8,0,3
BRDA:97,9,0,2
BRDA:115,10,0,2
BRDA:116,11,0,1
BRDA:85,12,0,3
BRDA:86,13,0,2
BRDA:86,14,0,1
BRDA:98,15,0,3
BRDA:105,16,0,6
BRDA:106,17,0,3
BRDA:110,18,0,0
BRDA:124,19,0,2
BRDA:133,20,0,15
BRDA:135,21,0,88
BRDA:142,22,0,11
BRDA:145,23,0,1
BRDA:150,24,0,1
BRDA:171,25,0,86
BRDA:174,26,0,86
BRDA:176,27,0,76
BRDA:187,28,0,2
BRDA:188,29,0,1
BRDA:188,30,0,1
BRF:31
BRH:30
end_of_record
TN:
SF:lib\currency.ts
FN:22,getCurrencySymbol
FN:29,getCurrencyCode
FN:38,formatPrice
FN:60,formatPriceParts
FN:78,formatDeliveryDate
FN:91,getEstimatedDeliveryDate
FN:112,formatNumber
FNF:7
FNH:6
FNDA:5,getCurrencySymbol
FNDA:13,getCurrencyCode
FNDA:10,formatPrice
FNDA:6,formatPriceParts
FNDA:2,formatDeliveryDate
FNDA:3,getEstimatedDeliveryDate
FNDA:0,formatNumber
DA:14,1
DA:15,1
DA:16,1
DA:17,1
DA:22,1
DA:23,5
DA:24,5
DA:29,1
DA:30,13
DA:31,13
DA:38,1
DA:39,10
DA:42,10
DA:43,10
DA:44,10
DA:45,10
DA:46,10
DA:47,10
DA:48,10
DA:60,1
DA:61,6
DA:62,6
DA:64,6
DA:65,6
DA:67,6
DA:68,6
DA:69,6
DA:70,6
DA:71,6
DA:72,6
DA:73,6
DA:78,1
DA:79,2
DA:80,2
DA:81,2
DA:82,2
DA:83,2
DA:85,2
DA:86,2
DA:91,1
DA:92,3
DA:93,3
DA:95,3
DA:96,10
DA:97,10
DA:99,10
DA:100,7
DA:101,7
DA:102,10
DA:104,3
DA:105,3
DA:112,0
DA:113,0
DA:114,0
LF:54
LH:51
BRDA:22,0,0,5
BRDA:23,1,0,2
BRDA:23,2,0,3
BRDA:29,3,0,13
BRDA:30,4,0,12
BRDA:30,5,0,1
BRDA:38,6,0,10
BRDA:42,7,0,2
BRDA:42,8,0,8
BRDA:60,9,0,6
BRDA:69,10,0,2
BRDA:69,11,0,4
BRDA:71,12,0,2
BRDA:71,13,0,4
BRDA:78,14,0,2
BRDA:85,15,0,1
BRDA:85,16,0,1
BRDA:91,17,0,3
BRDA:95,18,0,10
BRDA:99,19,0,7
BRDA:99,20,0,7
BRF:21
BRH:21
end_of_record
TN:
SF:lib\format-price.ts
FN:43,formatPrice
FN:79,formatPriceParts
FN:97,formatPriceRange
FN:109,formatDiscount
FN:127,hasDiscount
FN:134,getDiscountPercentage
FNF:6
FNH:6
FNDA:6,formatPrice
FNDA:1,formatPriceParts
FNDA:1,formatPriceRange
FNDA:1,formatDiscount
FNDA:2,hasDiscount
FNDA:2,getDiscountPercentage
DA:8,1
DA:25,1
DA:26,1
DA:27,1
DA:28,1
DA:29,1
DA:43,1
DA:44,6
DA:45,6
DA:46,6
DA:47,6
DA:48,6
DA:49,6
DA:50,6
DA:51,6
DA:52,6
DA:54,6
DA:55,6
DA:56,6
DA:57,6
DA:58,6
DA:59,6
DA:61,6
DA:62,0
DA:63,0
DA:64,0
DA:66,6
DA:67,6
DA:79,1
DA:80,1
DA:81,1
DA:83,1
DA:84,1
DA:86,1
DA:87,1
DA:88,1
DA:89,1
DA:90,1
DA:91,1
DA:92,1
DA:97,1
DA:98,1
DA:99,1
DA:100,1
DA:101,1
DA:102,1
DA:103,1
DA:109,1
DA:110,1
DA:111,1
DA:112,1
DA:113,1
DA:114,1
DA:116,1
DA:117,1
DA:118,1
DA:119,1
DA:120,1
DA:121,1
DA:122,1
DA:127,1
DA:128,2
DA:129,2
DA:134,1
DA:135,2
DA:136,1
DA:137,1
LF:67
LH:64
BRDA:43,0,0,6
BRDA:54,1,0,0
BRDA:55,2,0,0
BRDA:61,3,0,0
BRDA:79,4,0,1
BRDA:88,5,0,0
BRDA:90,6,0,0
BRDA:97,7,0,1
BRDA:109,8,0,1
BRDA:127,9,0,2
BRDA:134,10,0,2
BRDA:135,11,0,1
BRF:12
BRH:7
end_of_record
TN:
SF:lib\geolocation.ts
FN:140,getCountryName
FN:152,getZoneForCountry
FN:164,canShipTo
FN:190,getCompatibleZones
FN:208,getShippingZoneFilter
FN:216,getShippingZoneInfo
FNF:6
FNH:3
FNDA:12,getCountryName
FNDA:34,getZoneForCountry
FNDA:0,canShipTo
FNDA:10,getCompatibleZones
FNDA:0,getShippingZoneFilter
FNDA:0,getShippingZoneInfo
DA:11,1
DA:12,1
DA:13,1
DA:14,1
DA:15,1
DA:16,1
DA:17,1
DA:18,1
DA:19,1
DA:20,1
DA:21,1
DA:22,1
DA:23,1
DA:24,1
DA:25,1
DA:26,1
DA:27,1
DA:28,1
DA:29,1
DA:30,1
DA:31,1
DA:32,1
DA:33,1
DA:34,1
DA:35,1
DA:36,1
DA:37,1
DA:38,1
DA:39,1
DA:40,1
DA:41,1
DA:42,1
DA:43,1
DA:44,1
DA:45,1
DA:46,1
DA:47,1
DA:48,1
DA:49,1
DA:50,1
DA:51,1
DA:52,1
DA:55,1
DA:56,1
DA:57,1
DA:58,1
DA:59,1
DA:60,1
DA:61,1
DA:62,1
DA:63,1
DA:64,1
DA:65,1
DA:66,1
DA:67,1
DA:68,1
DA:69,1
DA:70,1
DA:71,1
DA:72,1
DA:73,1
DA:74,1
DA:75,1
DA:76,1
DA:77,1
DA:78,1
DA:79,1
DA:80,1
DA:81,1
DA:82,1
DA:83,1
DA:84,1
DA:85,1
DA:86,1
DA:87,1
DA:88,1
DA:89,1
DA:90,1
DA:91,1
DA:92,1
DA:93,1
DA:94,1
DA:95,1
DA:96,1
DA:99,1
DA:100,1
DA:101,1
DA:102,1
DA:103,1
DA:104,1
DA:105,1
DA:106,1
DA:107,1
DA:108,1
DA:109,1
DA:110,1
DA:111,1
DA:112,1
DA:113,1
DA:114,1
DA:115,1
DA:116,1
DA:117,1
DA:118,1
DA:119,1
DA:120,1
DA:121,1
DA:122,1
DA:127,1
DA:128,1
DA:130,1
DA:131,1
DA:132,1
DA:133,1
DA:134,1
DA:135,1
DA:140,1
DA:141,12
DA:142,12
DA:143,4
DA:144,4
DA:145,12
DA:146,12
DA:152,1
DA:153,34
DA:154,34
DA:164,0
DA:165,0
DA:168,0
DA:171,0
DA:172,0
DA:173,0
DA:176,0
DA:177,0
DA:178,0
DA:180,0
DA:181,0
DA:190,1
DA:191,10
DA:193,10
DA:194,3
DA:195,3
DA:197,10
DA:198,3
DA:199,3
DA:201,4
DA:202,4
DA:208,0
DA:209,0
DA:210,0
DA:211,0
DA:216,0
DA:217,0
DA:218,0
DA:220,0
DA:221,0
DA:222,0
DA:223,0
DA:224,0
LF:159
LH:136
BRDA:140,0,0,12
BRDA:142,1,0,4
BRDA:143,2,0,1
BRDA:143,3,0,1
BRDA:144,4,0,8
BRDA:145,5,0,1
BRDA:152,6,0,34
BRDA:153,7,0,12
BRDA:190,8,0,10
BRDA:193,9,0,3
BRDA:195,10,0,7
BRDA:197,11,0,3
BRDA:199,12,0,4
BRF:13
BRH:13
end_of_record
TN:
SF:lib\image-utils.ts
FN:14,shimmerBlurDataURL
FN:35,productBlurDataURL
FN:48,heroBlurDataURL
FN:67,categoryBlurDataURL
FN:83,getImageLoadingStrategy
FN:124,placeholderSvg
FNF:6
FNH:5
FNDA:3,shimmerBlurDataURL
FNDA:2,productBlurDataURL
FNDA:2,heroBlurDataURL
FNDA:2,categoryBlurDataURL
FNDA:9,getImageLoadingStrategy
FNDA:0,placeholderSvg
DA:14,1
DA:15,3
DA:16,3
DA:24,3
DA:25,3
DA:28,3
DA:29,3
DA:35,1
DA:36,2
DA:41,2
DA:42,2
DA:48,1
DA:49,2
DA:60,2
DA:61,2
DA:67,1
DA:68,2
DA:73,2
DA:74,2
DA:83,1
DA:87,9
DA:88,9
DA:89,6
DA:90,6
DA:91,6
DA:92,6
DA:93,6
DA:94,6
DA:96,3
DA:97,3
DA:98,3
DA:99,3
DA:100,3
DA:101,3
DA:107,1
DA:108,1
DA:109,1
DA:110,1
DA:111,1
DA:112,1
DA:113,1
DA:114,1
DA:115,1
DA:116,1
DA:117,1
DA:118,1
DA:124,1
DA:125,0
DA:133,0
DA:134,0
LF:50
LH:47
BRDA:14,0,0,3
BRDA:35,1,0,2
BRDA:48,2,0,2
BRDA:67,3,0,2
BRDA:83,4,0,9
BRDA:88,5,0,6
BRDA:92,6,0,4
BRDA:92,7,0,2
BRDA:94,8,0,3
BRF:9
BRH:9
end_of_record
TN:
SF:lib\normalize-image-url.ts
FN:15,normalizeImageUrl
FN:48,normalizeOptionalImageUrl
FN:68,normalizeImageUrls
FNF:3
FNH:3
FNDA:22,normalizeImageUrl
FNDA:8,normalizeOptionalImageUrl
FNDA:4,normalizeImageUrls
DA:1,1
DA:3,1
DA:4,1
DA:5,1
DA:6,1
DA:7,1
DA:8,1
DA:9,1
DA:10,1
DA:11,1
DA:12,1
DA:13,1
DA:15,1
DA:16,22
DA:17,14
DA:18,22
DA:19,22
DA:20,22
DA:22,22
DA:23,82
DA:24,82
DA:27,22
DA:30,22
DA:33,22
DA:36,22
DA:39,2
DA:40,2
DA:48,1
DA:49,8
DA:50,5
DA:51,8
DA:52,8
DA:53,8
DA:55,8
DA:56,19
DA:57,19
DA:59,8
DA:60,8
DA:61,8
DA:62,8
DA:64,1
DA:65,8
DA:66,8
DA:68,1
DA:69,4
DA:70,4
LF:46
LH:46
BRDA:15,0,0,22
BRDA:16,1,0,8
BRDA:16,2,0,14
BRDA:18,3,0,0
BRDA:18,4,0,14
BRDA:19,5,0,1
BRDA:19,6,0,13
BRDA:20,7,0,3
BRDA:20,8,0,10
BRDA:22,9,0,82
BRDA:23,10,0,1
BRDA:24,11,0,9
BRDA:27,12,0,0
BRDA:27,13,0,9
BRDA:30,14,0,0
BRDA:30,15,0,9
BRDA:33,16,0,7
BRDA:33,17,0,2
BRDA:36,18,0,0
BRDA:36,19,0,2
BRDA:48,20,0,8
BRDA:49,21,0,3
BRDA:49,22,0,5
BRDA:51,23,0,0
BRDA:51,24,0,5
BRDA:52,25,0,1
BRDA:52,26,0,4
BRDA:53,27,0,1
BRDA:53,28,0,3
BRDA:55,29,0,19
BRDA:56,30,0,1
BRDA:57,31,0,2
BRDA:59,32,0,0
BRDA:59,33,0,2
BRDA:60,34,0,0
BRDA:60,35,0,2
BRDA:61,36,0,1
BRDA:62,37,0,0
BRDA:62,38,0,1
BRDA:65,39,0,0
BRDA:68,40,0,4
BRF:41
BRH:32
end_of_record
TN:
SF:lib\order-status.ts
FN:83,getStatusConfig
FN:88,canSellerUpdateStatus
FN:93,getNextStatusOptions
FN:114,formatStatus
FN:119,isOrderComplete
FNF:5
FNH:3
FNDA:8,getStatusConfig
FNDA:6,canSellerUpdateStatus
FNDA:6,getNextStatusOptions
FNDA:0,formatStatus
FNDA:0,isOrderComplete
DA:23,1
DA:24,1
DA:25,1
DA:26,1
DA:27,1
DA:28,1
DA:29,1
DA:30,1
DA:31,1
DA:32,1
DA:33,1
DA:34,1
DA:35,1
DA:36,1
DA:37,1
DA:38,1
DA:39,1
DA:40,1
DA:41,1
DA:42,1
DA:43,1
DA:44,1
DA:45,1
DA:46,1
DA:47,1
DA:48,1
DA:49,1
DA:50,1
DA:51,1
DA:52,1
DA:53,1
DA:54,1
DA:55,1
DA:56,1
DA:57,1
DA:58,1
DA:59,1
DA:60,1
DA:61,1
DA:62,1
DA:63,1
DA:64,1
DA:65,1
DA:66,1
DA:67,1
DA:68,1
DA:69,1
DA:70,1
DA:71,1
DA:72,1
DA:73,1
DA:74,1
DA:75,1
DA:76,1
DA:77,1
DA:78,1
DA:79,1
DA:80,1
DA:83,1
DA:84,8
DA:85,8
DA:88,1
DA:89,6
DA:90,6
DA:93,1
DA:94,6
DA:95,6
DA:97,6
DA:98,2
DA:99,2
DA:102,4
DA:103,6
DA:106,6
DA:107,4
DA:108,4
DA:110,4
DA:111,4
DA:114,0
DA:115,0
DA:116,0
DA:119,0
DA:120,0
DA:121,0
DA:124,1
DA:125,1
DA:126,1
DA:127,1
DA:128,1
DA:129,1
DA:130,1
DA:131,1
DA:132,1
LF:92
LH:86
BRDA:83,0,0,8
BRDA:84,1,0,1
BRDA:88,2,0,6
BRDA:93,3,0,6
BRDA:97,4,0,5
BRDA:97,5,0,2
BRDA:99,6,0,4
BRDA:103,7,0,0
BRDA:106,8,0,4
BRDA:106,9,0,4
BRF:10
BRH:9
end_of_record
TN:
SF:lib\product-card-hero-attributes.ts
FN:91,truncateLabel
FN:96,formatAttributeValue
FN:109,getHeroAttributeConfig
FN:129,buildHeroBadgeText
FN:174,shouldShowHeroBadge
FNF:5
FNH:5
FNDA:9,truncateLabel
FNDA:22,formatAttributeValue
FNDA:18,getHeroAttributeConfig
FNDA:12,buildHeroBadgeText
FNDA:4,shouldShowHeroBadge
DA:30,1
DA:32,1
DA:33,1
DA:34,1
DA:35,1
DA:36,1
DA:37,1
DA:39,1
DA:40,1
DA:41,1
DA:42,1
DA:43,1
DA:44,1
DA:46,1
DA:47,1
DA:48,1
DA:49,1
DA:50,1
DA:51,1
DA:53,1
DA:54,1
DA:55,1
DA:56,1
DA:57,1
DA:58,1
DA:60,1
DA:61,1
DA:62,1
DA:63,1
DA:64,1
DA:65,1
DA:67,1
DA:68,1
DA:69,1
DA:70,1
DA:71,1
DA:72,1
DA:74,1
DA:75,1
DA:76,1
DA:77,1
DA:78,1
DA:79,1
DA:81,1
DA:82,1
DA:83,1
DA:84,1
DA:85,1
DA:86,1
DA:87,1
DA:89,1
DA:91,9
DA:92,9
DA:93,1
DA:94,1
DA:96,22
DA:97,22
DA:98,22
DA:99,9
DA:100,9
DA:101,9
DA:102,9
DA:103,0
DA:104,0
DA:109,1
DA:110,18
DA:111,18
DA:112,18
DA:114,12
DA:115,12
DA:116,12
DA:117,18
DA:118,18
DA:129,1
DA:130,12
DA:131,12
DA:132,12
DA:133,12
DA:134,12
DA:135,12
DA:138,12
DA:139,8
DA:141,8
DA:142,22
DA:143,22
DA:145,22
DA:146,22
DA:148,8
DA:149,5
DA:150,5
DA:151,5
DA:152,8
DA:155,12
DA:157,4
DA:158,4
DA:159,4
DA:161,4
DA:162,4
DA:163,4
DA:164,4
DA:165,4
DA:166,4
DA:168,3
DA:169,3
DA:174,1
DA:175,4
DA:176,4
DA:177,4
DA:178,4
DA:179,4
DA:180,4
LF:111
LH:109
BRDA:91,0,0,9
BRDA:92,1,0,8
BRDA:92,2,0,1
BRDA:96,3,0,22
BRDA:97,4,0,13
BRDA:97,5,0,9
BRDA:98,6,0,0
BRDA:98,7,0,9
BRDA:101,8,0,0
BRDA:102,9,0,0
BRDA:109,10,0,18
BRDA:112,11,0,6
BRDA:112,12,0,12
BRDA:117,13,0,1
BRDA:116,14,0,25
BRDA:116,15,0,14
BRDA:129,16,0,12
BRDA:138,17,0,8
BRDA:138,18,0,8
BRDA:138,19,0,8
BRDA:141,20,0,22
BRDA:143,21,0,9
BRDA:145,22,0,4
BRDA:148,23,0,5
BRDA:152,24,0,7
BRDA:155,25,0,5
BRDA:155,26,0,4
BRDA:157,27,0,1
BRDA:157,28,0,3
BRDA:159,29,0,1
BRDA:159,30,0,1
BRDA:159,31,0,3
BRDA:166,32,0,3
BRDA:174,33,0,4
BRF:34
BRH:31
end_of_record
TN:
SF:lib\safe-json.ts
FN:1,safeJsonParse
FNF:1
FNH:1
FNDA:26,safeJsonParse
DA:1,1
DA:2,26
DA:3,23
DA:4,23
DA:5,26
DA:6,4
DA:7,4
DA:8,26
LF:8
LH:8
BRDA:1,0,0,26
BRDA:2,1,0,3
BRDA:2,2,0,23
BRDA:5,3,0,4
BRF:4
BRH:4
end_of_record
TN:
SF:lib\shipping.ts
FN:117,getShippingRegion
FN:124,getSellerCategory
FN:142,getDeliveryEstimate
FN:153,getDeliveryLabel
FN:166,productShipsToRegion
FN:219,getRegionName
FN:237,getShippingFilter
FN:262,parseShippingRegion
FNF:8
FNH:6
FNDA:19,getShippingRegion
FNDA:25,getSellerCategory
FNDA:10,getDeliveryEstimate
FNDA:0,getDeliveryLabel
FNDA:16,productShipsToRegion
FNDA:0,getRegionName
FNDA:5,getShippingFilter
FNDA:14,parseShippingRegion
DA:35,1
DA:37,1
DA:38,1
DA:39,1
DA:40,1
DA:41,1
DA:42,1
DA:43,1
DA:45,1
DA:46,1
DA:47,1
DA:48,1
DA:49,1
DA:50,1
DA:51,1
DA:53,1
DA:54,1
DA:55,1
DA:56,1
DA:57,1
DA:58,1
DA:59,1
DA:61,1
DA:62,1
DA:63,1
DA:64,1
DA:65,1
DA:66,1
DA:67,1
DA:69,1
DA:70,1
DA:71,1
DA:72,1
DA:73,1
DA:74,1
DA:75,1
DA:76,1
DA:81,1
DA:82,1
DA:84,1
DA:85,1
DA:86,1
DA:87,1
DA:88,1
DA:90,1
DA:92,1
DA:93,1
DA:99,1
DA:100,1
DA:102,1
DA:103,1
DA:105,1
DA:106,1
DA:107,1
DA:108,1
DA:109,1
DA:111,1
DA:112,1
DA:117,1
DA:118,19
DA:119,19
DA:124,1
DA:125,25
DA:126,25
DA:142,1
DA:143,10
DA:144,10
DA:145,10
DA:146,10
DA:147,10
DA:148,10
DA:153,0
DA:154,0
DA:155,0
DA:156,0
DA:157,0
DA:158,0
DA:159,0
DA:160,0
DA:166,1
DA:167,16
DA:175,16
DA:176,16
DA:178,16
DA:181,16
DA:184,16
DA:186,9
DA:187,16
DA:189,3
DA:190,16
DA:192,2
DA:193,16
DA:195,2
DA:196,16
DA:198,2
DA:199,16
DA:200,0
DA:201,16
DA:202,16
DA:208,1
DA:209,1
DA:210,1
DA:211,1
DA:212,1
DA:213,1
DA:214,1
DA:219,0
DA:220,0
DA:221,0
DA:237,1
DA:238,5
DA:239,5
DA:241,1
DA:242,5
DA:244,1
DA:245,5
DA:247,1
DA:248,5
DA:250,1
DA:251,5
DA:252,5
DA:254,1
DA:255,5
DA:256,5
DA:262,1
DA:263,14
DA:264,11
DA:265,14
DA:266,7
DA:267,7
DA:269,14
DA:270,2
DA:271,2
DA:272,2
DA:273,2
LF:135
LH:123
BRDA:117,0,0,19
BRDA:118,1,0,4
BRDA:124,2,0,25
BRDA:125,3,0,4
BRDA:142,4,0,10
BRDA:166,5,0,16
BRDA:178,6,0,1
BRDA:178,7,0,15
BRDA:181,8,0,2
BRDA:181,9,0,13
BRDA:184,10,0,4
BRDA:184,11,0,9
BRDA:187,12,0,3
BRDA:189,13,0,2
BRDA:189,14,0,1
BRDA:190,15,0,2
BRDA:192,16,0,1
BRDA:192,17,0,0
BRDA:193,18,0,2
BRDA:195,19,0,1
BRDA:196,20,0,2
BRDA:198,21,0,1
BRDA:199,22,0,0
BRDA:237,23,0,5
BRDA:239,24,0,1
BRDA:242,25,0,1
BRDA:245,26,0,1
BRDA:248,27,0,1
BRDA:251,28,0,1
BRDA:252,29,0,1
BRDA:262,30,0,14
BRDA:263,31,0,3
BRDA:263,32,0,11
BRDA:265,33,0,9
BRDA:265,34,0,7
BRDA:265,35,0,6
BRDA:265,36,0,5
BRDA:265,37,0,7
BRDA:267,38,0,4
BRDA:269,39,0,2
BRF:40
BRH:38
end_of_record
TN:
SF:lib\url-utils.ts
FN:34,getProductUrl
FN:58,getProductUrlWithLocale
FN:71,getAbsoluteProductUrl
FN:86,getSellerUrl
FN:97,getSellerUrlWithLocale
FNF:5
FNH:5
FNDA:6,getProductUrl
FNDA:2,getProductUrlWithLocale
FNDA:1,getAbsoluteProductUrl
FNDA:1,getSellerUrl
FNDA:1,getSellerUrlWithLocale
DA:34,1
DA:36,6
DA:38,6
DA:39,5
DA:40,3
DA:41,5
DA:45,6
DA:48,1
DA:49,1
DA:58,1
DA:59,2
DA:60,2
DA:71,1
DA:72,1
DA:73,1
DA:74,1
DA:75,1
DA:76,1
DA:77,1
DA:78,1
DA:86,1
DA:87,1
DA:88,1
DA:97,1
DA:98,1
DA:99,1
LF:26
LH:26
BRDA:34,0,0,6
BRDA:36,1,0,2
BRDA:38,2,0,5
BRDA:39,3,0,2
BRDA:39,4,0,3
BRDA:41,5,0,1
BRDA:45,6,0,0
BRDA:45,7,0,1
BRDA:58,8,0,2
BRDA:71,9,0,1
BRDA:76,10,0,0
BRDA:76,11,0,0
BRDA:86,12,0,1
BRDA:97,13,0,1
BRF:14
BRH:11
end_of_record
TN:
SF:lib\utils.ts
FN:4,cn
FNF:1
FNH:1
FNDA:11,cn
DA:1,1
DA:4,1
DA:5,11
DA:6,11
LF:4
LH:4
BRDA:4,0,0,11
BRF:1
BRH:1
end_of_record
TN:
SF:lib\validations\auth.ts
FN:18,__vite_ssr_import_0__.z.string.min.email.refine.message
FN:34,__vite_ssr_import_0__.z.string.min.max.regex.regex.refine.message
FN:35,__vite_ssr_import_0__.z.string.min.max.regex.regex.refine.refine.message
FN:76,__vite_ssr_import_0__.z.object.username.__vite_ssr_import_0__.z.string.min.max.regex.regex.refine.message
FN:77,__vite_ssr_import_0__.z.object.username.__vite_ssr_import_0__.z.string.min.max.regex.regex.refine.refine.message
FN:78,__vite_ssr_import_0__.z.object.username.__vite_ssr_import_0__.z.string.min.max.regex.regex.refine.refine.refine.message
FN:91,__vite_ssr_import_0__.z.object.refine.message
FN:99,getPasswordStrength
FN:132,__vite_ssr_import_0__.z.object.refine.message
FN:143,getLocalizedPasswordErrors
FN:165,getLocalizedEmailErrors
FN:182,validatePassword
FN:203,validateEmail
FNF:13
FNH:10
FNDA:39,__vite_ssr_import_0__.z.string.min.email.refine.message
FNDA:0,__vite_ssr_import_0__.z.string.min.max.regex.regex.refine.message
FNDA:0,__vite_ssr_import_0__.z.string.min.max.regex.regex.refine.refine.message
FNDA:24,__vite_ssr_import_0__.z.object.username.__vite_ssr_import_0__.z.string.min.max.regex.regex.refine.message
FNDA:24,__vite_ssr_import_0__.z.object.username.__vite_ssr_import_0__.z.string.min.max.regex.regex.refine.refine.message
FNDA:24,__vite_ssr_import_0__.z.object.username.__vite_ssr_import_0__.z.string.min.max.regex.regex.refine.refine.refine.message
FNDA:23,__vite_ssr_import_0__.z.object.refine.message
FNDA:12,getPasswordStrength
FNDA:0,__vite_ssr_import_0__.z.object.refine.message
FNDA:7,getLocalizedPasswordErrors
FNDA:8,getLocalizedEmailErrors
FNDA:4,validatePassword
FNDA:6,validateEmail
DA:1,1
DA:4,1
DA:5,1
DA:6,1
DA:7,1
DA:8,1
DA:11,1
DA:12,1
DA:13,1
DA:14,1
DA:17,1
DA:18,1
DA:19,39
DA:20,39
DA:21,33
DA:22,33
DA:23,39
DA:24,1
DA:25,1
DA:28,1
DA:29,1
DA:30,1
DA:31,1
DA:32,1
DA:33,1
DA:34,1
DA:35,1
DA:38,1
DA:39,1
DA:40,1
DA:41,1
DA:42,1
DA:43,1
DA:44,1
DA:45,1
DA:46,1
DA:47,1
DA:48,1
DA:49,1
DA:52,1
DA:53,1
DA:54,1
DA:55,1
DA:56,1
DA:57,1
DA:58,1
DA:63,1
DA:64,1
DA:65,1
DA:66,1
DA:67,1
DA:68,1
DA:69,1
DA:70,1
DA:71,1
DA:72,1
DA:73,1
DA:74,1
DA:75,1
DA:76,1
DA:77,1
DA:78,1
DA:79,1
DA:80,1
DA:81,1
DA:82,1
DA:83,1
DA:84,1
DA:85,1
DA:86,1
DA:87,1
DA:88,1
DA:89,1
DA:90,1
DA:91,1
DA:92,1
DA:93,1
DA:94,1
DA:99,1
DA:104,12
DA:105,12
DA:107,12
DA:108,12
DA:109,12
DA:110,12
DA:111,12
DA:112,12
DA:114,12
DA:115,3
DA:116,3
DA:117,12
DA:118,3
DA:119,3
DA:120,12
DA:121,3
DA:122,3
DA:123,3
DA:124,3
DA:127,1
DA:128,1
DA:129,1
DA:130,1
DA:131,1
DA:132,1
DA:133,1
DA:134,1
DA:135,1
DA:138,1
DA:139,1
DA:140,1
DA:143,1
DA:148,7
DA:149,7
DA:150,2
DA:151,2
DA:152,2
DA:153,2
DA:154,2
DA:155,2
DA:156,2
DA:157,5
DA:158,5
DA:159,5
DA:160,5
DA:161,5
DA:162,5
DA:163,5
DA:165,1
DA:168,8
DA:169,8
DA:170,3
DA:171,3
DA:172,3
DA:173,3
DA:174,3
DA:175,5
DA:176,5
DA:177,5
DA:178,5
DA:179,5
DA:182,1
DA:183,4
DA:184,4
DA:185,4
DA:186,4
DA:187,4
DA:189,4
DA:190,2
DA:191,2
DA:192,4
DA:193,1
DA:194,1
DA:195,4
DA:196,2
DA:197,2
DA:199,4
DA:200,4
DA:203,1
DA:204,6
DA:205,6
DA:206,6
DA:207,6
DA:209,6
DA:210,3
DA:211,3
DA:213,3
DA:214,6
DA:215,2
DA:216,2
DA:218,1
DA:219,1
LF:171
LH:171
BRDA:18,0,0,39
BRDA:20,1,0,6
BRDA:20,2,0,33
BRDA:76,3,0,24
BRDA:77,4,0,24
BRDA:78,5,0,24
BRDA:91,6,0,23
BRDA:99,7,0,12
BRDA:107,8,0,9
BRDA:108,9,0,9
BRDA:109,10,0,6
BRDA:111,11,0,9
BRDA:112,12,0,3
BRDA:114,13,0,3
BRDA:116,14,0,9
BRDA:117,15,0,3
BRDA:119,16,0,6
BRDA:120,17,0,3
BRDA:143,18,0,7
BRDA:149,19,0,2
BRDA:156,20,0,5
BRDA:165,21,0,8
BRDA:169,22,0,3
BRDA:174,23,0,5
BRDA:182,24,0,4
BRDA:189,25,0,2
BRDA:192,26,0,1
BRDA:195,27,0,2
BRDA:203,28,0,6
BRDA:209,29,0,4
BRDA:209,30,0,3
BRDA:214,31,0,2
BRDA:216,32,0,1
BRF:33
BRH:33
end_of_record
